# JRE version: Java(TM) SE Runtime Environment (8.0_51-b16) (build 1.8.0_51-b16)
# Java VM: Java HotSpot(TM) 64-Bit Server VM (25.51-b03 mixed mode windows-amd64 compressed oops)
Heap:
 PSYoungGen      total 1919488K, used 725041K [0x0000000740000000, 0x00000007c0000000, 0x00000007c0000000)
  eden space 1757184K, 38% used [0x0000000740000000,0x00000007699d7dd8,0x00000007ab400000)
  from space 162304K, 26% used [0x00000007b6180000,0x00000007b8bb4688,0x00000007c0000000)
  to   space 169984K, 0% used [0x00000007ab400000,0x00000007ab400000,0x00000007b5a00000)
 ParOldGen       total 670720K, used 377816K [0x0000000640000000, 0x0000000668f00000, 0x0000000740000000)
  object space 670720K, 56% used [0x0000000640000000,0x00000006570f6010,0x0000000668f00000)
 Metaspace       used 125027K, capacity 125657K, committed 126696K, reserved 1155072K
  class space    used 20633K, capacity 20850K, committed 20968K, reserved 1048576K
GC Heap History (10 events):
Event: 30.760 GC heap before
{Heap before GC invocations=27 (full 4):
 PSYoungGen      total 1883136K, used 1836299K [0x0000000740000000, 0x00000007bb280000, 0x00000007c0000000)
  eden space 1774080K, 100% used [0x0000000740000000,0x00000007ac480000,0x00000007ac480000)
  from space 109056K, 57% used [0x00000007b4800000,0x00000007b84c2f20,0x00000007bb280000)
  to   space 121856K, 0% used [0x00000007ac480000,0x00000007ac480000,0x00000007b3b80000)
 ParOldGen       total 544768K, used 283700K [0x0000000640000000, 0x0000000661400000, 0x0000000740000000)
  object space 544768K, 52% used [0x0000000640000000,0x000000065150d018,0x0000000661400000)
 Metaspace       used 95195K, capacity 95667K, committed 96384K, reserved 1130496K
  class space    used 15205K, capacity 15369K, committed 15488K, reserved 1048576K
Event: 30.798 GC heap after
Heap after GC invocations=27 (full 4):
 PSYoungGen      total 1895936K, used 103645K [0x0000000740000000, 0x00000007c0000000, 0x00000007c0000000)
  eden space 1774080K, 0% used [0x0000000740000000,0x0000000740000000,0x00000007ac480000)
  from space 121856K, 85% used [0x00000007ac480000,0x00000007b29b7720,0x00000007b3b80000)
  to   space 133120K, 0% used [0x00000007b7e00000,0x00000007b7e00000,0x00000007c0000000)
 ParOldGen       total 544768K, used 283708K [0x0000000640000000, 0x0000000661400000, 0x0000000740000000)
  object space 544768K, 52% used [0x0000000640000000,0x000000065150f018,0x0000000661400000)
 Metaspace       used 95195K, capacity 95667K, committed 96384K, reserved 1130496K
  class space    used 15205K, capacity 15369K, committed 15488K, reserved 1048576K
}
Event: 33.186 GC heap before
{Heap before GC invocations=28 (full 4):
 PSYoungGen      total 1895936K, used 1877725K [0x0000000740000000, 0x00000007c0000000, 0x00000007c0000000)
  eden space 1774080K, 100% used [0x0000000740000000,0x00000007ac480000,0x00000007ac480000)
  from space 121856K, 85% used [0x00000007ac480000,0x00000007b29b7720,0x00000007b3b80000)
  to   space 133120K, 0% used [0x00000007b7e00000,0x00000007b7e00000,0x00000007c0000000)
 ParOldGen       total 544768K, used 283708K [0x0000000640000000, 0x0000000661400000, 0x0000000740000000)
  object space 544768K, 52% used [0x0000000640000000,0x000000065150f018,0x0000000661400000)
 Metaspace       used 106011K, capacity 106551K, committed 107392K, reserved 1138688K
  class space    used 17255K, capacity 17431K, committed 17536K, reserved 1048576K
Event: 33.232 GC heap after
Heap after GC invocations=28 (full 4):
 PSYoungGen      total 1922048K, used 133096K [0x0000000740000000, 0x00000007c0000000, 0x00000007c0000000)
  eden space 1788928K, 0% used [0x0000000740000000,0x0000000740000000,0x00000007ad300000)
  from space 133120K, 99% used [0x00000007b7e00000,0x00000007bfffa368,0x00000007c0000000)
  to   space 154112K, 0% used [0x00000007ad300000,0x00000007ad300000,0x00000007b6980000)
 ParOldGen       total 544768K, used 288063K [0x0000000640000000, 0x0000000661400000, 0x0000000740000000)
  object space 544768K, 52% used [0x0000000640000000,0x000000065194ff78,0x0000000661400000)
 Metaspace       used 106011K, capacity 106551K, committed 107392K, reserved 1138688K
  class space    used 17255K, capacity 17431K, committed 17536K, reserved 1048576K
}
Event: 34.549 GC heap before
{Heap before GC invocations=29 (full 4):
 PSYoungGen      total 1922048K, used 1002258K [0x0000000740000000, 0x00000007c0000000, 0x00000007c0000000)
  eden space 1788928K, 48% used [0x0000000740000000,0x00000007750ca700,0x00000007ad300000)
  from space 133120K, 99% used [0x00000007b7e00000,0x00000007bfffa368,0x00000007c0000000)
  to   space 154112K, 0% used [0x00000007ad300000,0x00000007ad300000,0x00000007b6980000)
 ParOldGen       total 544768K, used 288063K [0x0000000640000000, 0x0000000661400000, 0x0000000740000000)
  object space 544768K, 52% used [0x0000000640000000,0x000000065194ff78,0x0000000661400000)
 Metaspace       used 111073K, capacity 111613K, committed 112360K, reserved 1142784K
  class space    used 18120K, capacity 18312K, committed 18408K, reserved 1048576K
Event: 34.586 GC heap after
Heap after GC invocations=29 (full 4):
 PSYoungGen      total 1934848K, used 145435K [0x0000000740000000, 0x00000007c0000000, 0x00000007c0000000)
  eden space 1788928K, 0% used [0x0000000740000000,0x0000000740000000,0x00000007ad300000)
  from space 145920K, 99% used [0x00000007ad300000,0x00000007b6106f48,0x00000007b6180000)
  to   space 162304K, 0% used [0x00000007b6180000,0x00000007b6180000,0x00000007c0000000)
 ParOldGen       total 544768K, used 288071K [0x0000000640000000, 0x0000000661400000, 0x0000000740000000)
  object space 544768K, 52% used [0x0000000640000000,0x0000000651951f78,0x0000000661400000)
 Metaspace       used 111073K, capacity 111613K, committed 112360K, reserved 1142784K
  class space    used 18120K, capacity 18312K, committed 18408K, reserved 1048576K
}
Event: 34.586 GC heap before
{Heap before GC invocations=30 (full 5):
 PSYoungGen      total 1934848K, used 145435K [0x0000000740000000, 0x00000007c0000000, 0x00000007c0000000)
  eden space 1788928K, 0% used [0x0000000740000000,0x0000000740000000,0x00000007ad300000)
  from space 145920K, 99% used [0x00000007ad300000,0x00000007b6106f48,0x00000007b6180000)
  to   space 162304K, 0% used [0x00000007b6180000,0x00000007b6180000,0x00000007c0000000)
 ParOldGen       total 544768K, used 288071K [0x0000000640000000, 0x0000000661400000, 0x0000000740000000)
  object space 544768K, 52% used [0x0000000640000000,0x0000000651951f78,0x0000000661400000)
 Metaspace       used 111073K, capacity 111613K, committed 112360K, reserved 1142784K
  class space    used 18120K, capacity 18312K, committed 18408K, reserved 1048576K
Event: 34.796 GC heap after
Heap after GC invocations=30 (full 5):
 PSYoungGen      total 1934848K, used 0K [0x0000000740000000, 0x00000007c0000000, 0x00000007c0000000)
  eden space 1788928K, 0% used [0x0000000740000000,0x0000000740000000,0x00000007ad300000)
  from space 145920K, 0% used [0x00000007ad300000,0x00000007ad300000,0x00000007b6180000)
  to   space 162304K, 0% used [0x00000007b6180000,0x00000007b6180000,0x00000007c0000000)
 ParOldGen       total 670720K, used 377808K [0x0000000640000000, 0x0000000668f00000, 0x0000000740000000)
  object space 670720K, 56% used [0x0000000640000000,0x00000006570f4010,0x0000000668f00000)
 Metaspace       used 111073K, capacity 111613K, committed 112360K, reserved 1142784K
  class space    used 18120K, capacity 18312K, committed 18408K, reserved 1048576K
}
Event: 36.941 GC heap before
{Heap before GC invocations=31 (full 5):
 PSYoungGen      total 1934848K, used 1788928K [0x0000000740000000, 0x00000007c0000000, 0x00000007c0000000)
  eden space 1788928K, 100% used [0x0000000740000000,0x00000007ad300000,0x00000007ad300000)
  from space 145920K, 0% used [0x00000007ad300000,0x00000007ad300000,0x00000007b6180000)
  to   space 162304K, 0% used [0x00000007b6180000,0x00000007b6180000,0x00000007c0000000)
 ParOldGen       total 670720K, used 377808K [0x0000000640000000, 0x0000000668f00000, 0x0000000740000000)
  object space 670720K, 56% used [0x0000000640000000,0x00000006570f4010,0x0000000668f00000)
 Metaspace       used 121719K, capacity 122439K, committed 123240K, reserved 1153024K
  class space    used 20081K, capacity 20271K, committed 20328K, reserved 1048576K
Event: 36.955 GC heap after
Heap after GC invocations=31 (full 5):
 PSYoungGen      total 1919488K, used 43217K [0x0000000740000000, 0x00000007c0000000, 0x00000007c0000000)
  eden space 1757184K, 0% used [0x0000000740000000,0x0000000740000000,0x00000007ab400000)
  from space 162304K, 26% used [0x00000007b6180000,0x00000007b8bb4688,0x00000007c0000000)
  to   space 169984K, 0% used [0x00000007ab400000,0x00000007ab400000,0x00000007b5a00000)
 ParOldGen       total 670720K, used 377816K [0x0000000640000000, 0x0000000668f00000, 0x0000000740000000)
  object space 670720K, 56% used [0x0000000640000000,0x00000006570f6010,0x0000000668f00000)
 Metaspace       used 121719K, capacity 122439K, committed 123240K, reserved 1153024K
  class space    used 20081K, capacity 20271K, committed 20328K, reserved 1048576K
}

