# JRE version: Java(TM) SE Runtime Environment (8.0_51-b16) (build 1.8.0_51-b16)
# Java VM: Java HotSpot(TM) 64-Bit Server VM (25.51-b03 mixed mode windows-amd64 compressed oops)
Heap:
 PSYoungGen      total 1948672K, used 296406K [0x0000000740000000, 0x00000007c0000000, 0x00000007c0000000)
  eden space 1819648K, 10% used [0x0000000740000000,0x000000074b7e6b80,0x00000007af100000)
  from space 129024K, 83% used [0x00000007b8000000,0x00000007be98ef28,0x00000007bfe00000)
  to   space 138752K, 0% used [0x00000007af100000,0x00000007af100000,0x00000007b7880000)
 ParOldGen       total 703488K, used 397230K [0x0000000640000000, 0x000000066af00000, 0x0000000740000000)
  object space 703488K, 56% used [0x0000000640000000,0x00000006583ebb40,0x000000066af00000)
 Metaspace       used 139729K, capacity 140439K, committed 141528K, reserved 1167360K
  class space    used 23346K, capacity 23525K, committed 23552K, reserved 1048576K
GC Heap History (10 events):
Event: 40.392 GC heap before
{Heap before GC invocations=29 (full 4):
 PSYoungGen      total 1966080K, used 901327K [0x0000000740000000, 0x00000007c0000000, 0x00000007c0000000)
  eden space 1847296K, 43% used [0x0000000740000000,0x00000007718caae8,0x00000007b0c00000)
  from space 118784K, 75% used [0x00000007b8c00000,0x00000007be369258,0x00000007c0000000)
  to   space 124928K, 0% used [0x00000007b0c00000,0x00000007b0c00000,0x00000007b8600000)
 ParOldGen       total 573952K, used 385325K [0x0000000640000000, 0x0000000663080000, 0x0000000740000000)
  object space 573952K, 67% used [0x0000000640000000,0x000000065784b460,0x0000000663080000)
 Metaspace       used 106803K, capacity 107299K, committed 108096K, reserved 1140736K
  class space    used 17143K, capacity 17337K, committed 17408K, reserved 1048576K
Event: 40.419 GC heap after
Heap after GC invocations=29 (full 4):
 PSYoungGen      total 1947136K, used 99409K [0x0000000740000000, 0x00000007c0000000, 0x00000007c0000000)
  eden space 1847296K, 0% used [0x0000000740000000,0x0000000740000000,0x00000007b0c00000)
  from space 99840K, 99% used [0x00000007b0c00000,0x00000007b6d14698,0x00000007b6d80000)
  to   space 132608K, 0% used [0x00000007b7e80000,0x00000007b7e80000,0x00000007c0000000)
 ParOldGen       total 573952K, used 385333K [0x0000000640000000, 0x0000000663080000, 0x0000000740000000)
  object space 573952K, 67% used [0x0000000640000000,0x000000065784d460,0x0000000663080000)
 Metaspace       used 106803K, capacity 107299K, committed 108096K, reserved 1140736K
  class space    used 17143K, capacity 17337K, committed 17408K, reserved 1048576K
}
Event: 40.419 GC heap before
{Heap before GC invocations=30 (full 5):
 PSYoungGen      total 1947136K, used 99409K [0x0000000740000000, 0x00000007c0000000, 0x00000007c0000000)
  eden space 1847296K, 0% used [0x0000000740000000,0x0000000740000000,0x00000007b0c00000)
  from space 99840K, 99% used [0x00000007b0c00000,0x00000007b6d14698,0x00000007b6d80000)
  to   space 132608K, 0% used [0x00000007b7e80000,0x00000007b7e80000,0x00000007c0000000)
 ParOldGen       total 573952K, used 385333K [0x0000000640000000, 0x0000000663080000, 0x0000000740000000)
  object space 573952K, 67% used [0x0000000640000000,0x000000065784d460,0x0000000663080000)
 Metaspace       used 106803K, capacity 107299K, committed 108096K, reserved 1140736K
  class space    used 17143K, capacity 17337K, committed 17408K, reserved 1048576K
Event: 40.597 GC heap after
Heap after GC invocations=30 (full 5):
 PSYoungGen      total 1947136K, used 0K [0x0000000740000000, 0x00000007c0000000, 0x00000007c0000000)
  eden space 1847296K, 0% used [0x0000000740000000,0x0000000740000000,0x00000007b0c00000)
  from space 99840K, 0% used [0x00000007b0c00000,0x00000007b0c00000,0x00000007b6d80000)
  to   space 132608K, 0% used [0x00000007b7e80000,0x00000007b7e80000,0x00000007c0000000)
 ParOldGen       total 703488K, used 397214K [0x0000000640000000, 0x000000066af00000, 0x0000000740000000)
  object space 703488K, 56% used [0x0000000640000000,0x00000006583e7b40,0x000000066af00000)
 Metaspace       used 106803K, capacity 107299K, committed 108096K, reserved 1140736K
  class space    used 17143K, capacity 17337K, committed 17408K, reserved 1048576K
}
Event: 43.371 GC heap before
{Heap before GC invocations=31 (full 5):
 PSYoungGen      total 1947136K, used 1847296K [0x0000000740000000, 0x00000007c0000000, 0x00000007c0000000)
  eden space 1847296K, 100% used [0x0000000740000000,0x00000007b0c00000,0x00000007b0c00000)
  from space 99840K, 0% used [0x00000007b0c00000,0x00000007b0c00000,0x00000007b6d80000)
  to   space 132608K, 0% used [0x00000007b7e80000,0x00000007b7e80000,0x00000007c0000000)
 ParOldGen       total 703488K, used 397214K [0x0000000640000000, 0x000000066af00000, 0x0000000740000000)
  object space 703488K, 56% used [0x0000000640000000,0x00000006583e7b40,0x000000066af00000)
 Metaspace       used 118188K, capacity 118759K, committed 119640K, reserved 1148928K
  class space    used 19347K, capacity 19487K, committed 19584K, reserved 1048576K
Event: 43.393 GC heap after
Heap after GC invocations=31 (full 5):
 PSYoungGen      total 1969664K, used 56321K [0x0000000740000000, 0x00000007c0000000, 0x00000007c0000000)
  eden space 1837056K, 0% used [0x0000000740000000,0x0000000740000000,0x00000007b0200000)
  from space 132608K, 42% used [0x00000007b7e80000,0x00000007bb580500,0x00000007c0000000)
  to   space 127488K, 0% used [0x00000007b0200000,0x00000007b0200000,0x00000007b7e80000)
 ParOldGen       total 703488K, used 397222K [0x0000000640000000, 0x000000066af00000, 0x0000000740000000)
  object space 703488K, 56% used [0x0000000640000000,0x00000006583e9b40,0x000000066af00000)
 Metaspace       used 118188K, capacity 118759K, committed 119640K, reserved 1148928K
  class space    used 19347K, capacity 19487K, committed 19584K, reserved 1048576K
}
Event: 46.170 GC heap before
{Heap before GC invocations=32 (full 5):
 PSYoungGen      total 1969664K, used 1893377K [0x0000000740000000, 0x00000007c0000000, 0x00000007c0000000)
  eden space 1837056K, 100% used [0x0000000740000000,0x00000007b0200000,0x00000007b0200000)
  from space 132608K, 42% used [0x00000007b7e80000,0x00000007bb580500,0x00000007c0000000)
  to   space 127488K, 0% used [0x00000007b0200000,0x00000007b0200000,0x00000007b7e80000)
 ParOldGen       total 703488K, used 397222K [0x0000000640000000, 0x000000066af00000, 0x0000000740000000)
  object space 703488K, 56% used [0x0000000640000000,0x00000006583e9b40,0x000000066af00000)
 Metaspace       used 128266K, capacity 128927K, committed 129880K, reserved 1157120K
  class space    used 21345K, capacity 21561K, committed 21632K, reserved 1048576K
Event: 46.198 GC heap after
Heap after GC invocations=32 (full 5):
 PSYoungGen      total 1964544K, used 85909K [0x0000000740000000, 0x00000007bfe00000, 0x00000007c0000000)
  eden space 1837056K, 0% used [0x0000000740000000,0x0000000740000000,0x00000007b0200000)
  from space 127488K, 67% used [0x00000007b0200000,0x00000007b55e5738,0x00000007b7e80000)
  to   space 129024K, 0% used [0x00000007b8000000,0x00000007b8000000,0x00000007bfe00000)
 ParOldGen       total 703488K, used 397222K [0x0000000640000000, 0x000000066af00000, 0x0000000740000000)
  object space 703488K, 56% used [0x0000000640000000,0x00000006583e9b40,0x000000066af00000)
 Metaspace       used 128266K, capacity 128927K, committed 129880K, reserved 1157120K
  class space    used 21345K, capacity 21561K, committed 21632K, reserved 1048576K
}
Event: 48.700 GC heap before
{Heap before GC invocations=33 (full 5):
 PSYoungGen      total 1964544K, used 1922965K [0x0000000740000000, 0x00000007bfe00000, 0x00000007c0000000)
  eden space 1837056K, 100% used [0x0000000740000000,0x00000007b0200000,0x00000007b0200000)
  from space 127488K, 67% used [0x00000007b0200000,0x00000007b55e5738,0x00000007b7e80000)
  to   space 129024K, 0% used [0x00000007b8000000,0x00000007b8000000,0x00000007bfe00000)
 ParOldGen       total 703488K, used 397222K [0x0000000640000000, 0x000000066af00000, 0x0000000740000000)
  object space 703488K, 56% used [0x0000000640000000,0x00000006583e9b40,0x000000066af00000)
 Metaspace       used 138925K, capacity 139691K, committed 140760K, reserved 1167360K
  class space    used 23233K, capacity 23427K, committed 23552K, reserved 1048576K
Event: 48.731 GC heap after
Heap after GC invocations=33 (full 5):
 PSYoungGen      total 1948672K, used 108091K [0x0000000740000000, 0x00000007c0000000, 0x00000007c0000000)
  eden space 1819648K, 0% used [0x0000000740000000,0x0000000740000000,0x00000007af100000)
  from space 129024K, 83% used [0x00000007b8000000,0x00000007be98ef28,0x00000007bfe00000)
  to   space 138752K, 0% used [0x00000007af100000,0x00000007af100000,0x00000007b7880000)
 ParOldGen       total 703488K, used 397230K [0x0000000640000000, 0x000000066af00000, 0x0000000740000000)
  object space 703488K, 56% used [0x0000000640000000,0x00000006583ebb40,0x000000066af00000)
 Metaspace       used 138925K, capacity 139691K, committed 140760K, reserved 1167360K
  class space    used 23233K, capacity 23427K, committed 23552K, reserved 1048576K
}

