# JRE version: Java(TM) SE Runtime Environment (8.0_51-b16) (build 1.8.0_51-b16)
# Java VM: Java HotSpot(TM) 64-Bit Server VM (25.51-b03 mixed mode windows-amd64 compressed oops)
Heap:
 PSYoungGen      total 1940992K, used 910539K [0x0000000740000000, 0x00000007c0000000, 0x00000007c0000000)
  eden space 1800192K, 44% used [0x0000000740000000,0x0000000770f690a8,0x00000007ade00000)
  from space 140800K, 76% used [0x00000007b7680000,0x00000007be049ec8,0x00000007c0000000)
  to   space 148480K, 0% used [0x00000007ade00000,0x00000007ade00000,0x00000007b6f00000)
 ParOldGen       total 764928K, used 450343K [0x0000000640000000, 0x000000066eb00000, 0x0000000740000000)
  object space 764928K, 58% used [0x0000000640000000,0x000000065b7c9c30,0x000000066eb00000)
 Metaspace       used 146775K, capacity 147509K, committed 148608K, reserved 1173504K
  class space    used 24460K, capacity 24674K, committed 24704K, reserved 1048576K
GC Heap History (10 events):
Event: 37.453 GC heap before
{Heap before GC invocations=29 (full 4):
 PSYoungGen      total 1894400K, used 436873K [0x0000000740000000, 0x00000007c0000000, 0x00000007c0000000)
  eden space 1785856K, 18% used [0x0000000740000000,0x00000007540a9868,0x00000007ad000000)
  from space 108544K, 99% used [0x00000007b9600000,0x00000007bfff8bf8,0x00000007c0000000)
  to   space 155648K, 0% used [0x00000007ad000000,0x00000007ad000000,0x00000007b6800000)
 ParOldGen       total 582656K, used 380977K [0x0000000640000000, 0x0000000663900000, 0x0000000740000000)
  object space 582656K, 65% used [0x0000000640000000,0x000000065740c428,0x0000000663900000)
 Metaspace       used 111748K, capacity 112213K, committed 113024K, reserved 1144832K
  class space    used 17821K, capacity 17984K, committed 18048K, reserved 1048576K
Event: 37.483 GC heap after
Heap after GC invocations=29 (full 4):
 PSYoungGen      total 1941504K, used 50776K [0x0000000740000000, 0x00000007c0000000, 0x00000007c0000000)
  eden space 1785856K, 0% used [0x0000000740000000,0x0000000740000000,0x00000007ad000000)
  from space 155648K, 32% used [0x00000007ad000000,0x00000007b0196368,0x00000007b6800000)
  to   space 150016K, 0% used [0x00000007b6d80000,0x00000007b6d80000,0x00000007c0000000)
 ParOldGen       total 582656K, used 448063K [0x0000000640000000, 0x0000000663900000, 0x0000000740000000)
  object space 582656K, 76% used [0x0000000640000000,0x000000065b58fd40,0x0000000663900000)
 Metaspace       used 111748K, capacity 112213K, committed 113024K, reserved 1144832K
  class space    used 17821K, capacity 17984K, committed 18048K, reserved 1048576K
}
Event: 37.483 GC heap before
{Heap before GC invocations=30 (full 5):
 PSYoungGen      total 1941504K, used 50776K [0x0000000740000000, 0x00000007c0000000, 0x00000007c0000000)
  eden space 1785856K, 0% used [0x0000000740000000,0x0000000740000000,0x00000007ad000000)
  from space 155648K, 32% used [0x00000007ad000000,0x00000007b0196368,0x00000007b6800000)
  to   space 150016K, 0% used [0x00000007b6d80000,0x00000007b6d80000,0x00000007c0000000)
 ParOldGen       total 582656K, used 448063K [0x0000000640000000, 0x0000000663900000, 0x0000000740000000)
  object space 582656K, 76% used [0x0000000640000000,0x000000065b58fd40,0x0000000663900000)
 Metaspace       used 111748K, capacity 112213K, committed 113024K, reserved 1144832K
  class space    used 17821K, capacity 17984K, committed 18048K, reserved 1048576K
Event: 37.663 GC heap after
Heap after GC invocations=30 (full 5):
 PSYoungGen      total 1941504K, used 0K [0x0000000740000000, 0x00000007c0000000, 0x00000007c0000000)
  eden space 1785856K, 0% used [0x0000000740000000,0x0000000740000000,0x00000007ad000000)
  from space 155648K, 0% used [0x00000007ad000000,0x00000007ad000000,0x00000007b6800000)
  to   space 150016K, 0% used [0x00000007b6d80000,0x00000007b6d80000,0x00000007c0000000)
 ParOldGen       total 764928K, used 450319K [0x0000000640000000, 0x000000066eb00000, 0x0000000740000000)
  object space 764928K, 58% used [0x0000000640000000,0x000000065b7c3c30,0x000000066eb00000)
 Metaspace       used 111748K, capacity 112213K, committed 113024K, reserved 1144832K
  class space    used 17821K, capacity 17984K, committed 18048K, reserved 1048576K
}
Event: 41.921 GC heap before
{Heap before GC invocations=31 (full 5):
 PSYoungGen      total 1941504K, used 1785856K [0x0000000740000000, 0x00000007c0000000, 0x00000007c0000000)
  eden space 1785856K, 100% used [0x0000000740000000,0x00000007ad000000,0x00000007ad000000)
  from space 155648K, 0% used [0x00000007ad000000,0x00000007ad000000,0x00000007b6800000)
  to   space 150016K, 0% used [0x00000007b6d80000,0x00000007b6d80000,0x00000007c0000000)
 ParOldGen       total 764928K, used 450319K [0x0000000640000000, 0x000000066eb00000, 0x0000000740000000)
  object space 764928K, 58% used [0x0000000640000000,0x000000065b7c3c30,0x000000066eb00000)
 Metaspace       used 123736K, capacity 124333K, committed 125312K, reserved 1155072K
  class space    used 20073K, capacity 20256K, committed 20352K, reserved 1048576K
Event: 41.947 GC heap after
Heap after GC invocations=31 (full 5):
 PSYoungGen      total 1920512K, used 61125K [0x0000000740000000, 0x00000007beb80000, 0x00000007c0000000)
  eden space 1791488K, 0% used [0x0000000740000000,0x0000000740000000,0x00000007ad580000)
  from space 129024K, 47% used [0x00000007b6d80000,0x00000007ba9317c8,0x00000007beb80000)
  to   space 142336K, 0% used [0x00000007ad580000,0x00000007ad580000,0x00000007b6080000)
 ParOldGen       total 764928K, used 450327K [0x0000000640000000, 0x000000066eb00000, 0x0000000740000000)
  object space 764928K, 58% used [0x0000000640000000,0x000000065b7c5c30,0x000000066eb00000)
 Metaspace       used 123736K, capacity 124333K, committed 125312K, reserved 1155072K
  class space    used 20073K, capacity 20256K, committed 20352K, reserved 1048576K
}
Event: 44.515 GC heap before
{Heap before GC invocations=32 (full 5):
 PSYoungGen      total 1920512K, used 1852613K [0x0000000740000000, 0x00000007beb80000, 0x00000007c0000000)
  eden space 1791488K, 100% used [0x0000000740000000,0x00000007ad580000,0x00000007ad580000)
  from space 129024K, 47% used [0x00000007b6d80000,0x00000007ba9317c8,0x00000007beb80000)
  to   space 142336K, 0% used [0x00000007ad580000,0x00000007ad580000,0x00000007b6080000)
 ParOldGen       total 764928K, used 450327K [0x0000000640000000, 0x000000066eb00000, 0x0000000740000000)
  object space 764928K, 58% used [0x0000000640000000,0x000000065b7c5c30,0x000000066eb00000)
 Metaspace       used 132680K, capacity 133205K, committed 134272K, reserved 1161216K
  class space    used 21914K, capacity 22098K, committed 22144K, reserved 1048576K
Event: 44.540 GC heap after
Heap after GC invocations=32 (full 5):
 PSYoungGen      total 1933824K, used 82352K [0x0000000740000000, 0x00000007c0000000, 0x00000007c0000000)
  eden space 1791488K, 0% used [0x0000000740000000,0x0000000740000000,0x00000007ad580000)
  from space 142336K, 57% used [0x00000007ad580000,0x00000007b25ec2a0,0x00000007b6080000)
  to   space 140800K, 0% used [0x00000007b7680000,0x00000007b7680000,0x00000007c0000000)
 ParOldGen       total 764928K, used 450335K [0x0000000640000000, 0x000000066eb00000, 0x0000000740000000)
  object space 764928K, 58% used [0x0000000640000000,0x000000065b7c7c30,0x000000066eb00000)
 Metaspace       used 132680K, capacity 133205K, committed 134272K, reserved 1161216K
  class space    used 21914K, capacity 22098K, committed 22144K, reserved 1048576K
}
Event: 47.163 GC heap before
{Heap before GC invocations=33 (full 5):
 PSYoungGen      total 1933824K, used 1873840K [0x0000000740000000, 0x00000007c0000000, 0x00000007c0000000)
  eden space 1791488K, 100% used [0x0000000740000000,0x00000007ad580000,0x00000007ad580000)
  from space 142336K, 57% used [0x00000007ad580000,0x00000007b25ec2a0,0x00000007b6080000)
  to   space 140800K, 0% used [0x00000007b7680000,0x00000007b7680000,0x00000007c0000000)
 ParOldGen       total 764928K, used 450335K [0x0000000640000000, 0x000000066eb00000, 0x0000000740000000)
  object space 764928K, 58% used [0x0000000640000000,0x000000065b7c7c30,0x000000066eb00000)
 Metaspace       used 142641K, capacity 143383K, committed 144640K, reserved 1169408K
  class space    used 23787K, capacity 23965K, committed 24064K, reserved 1048576K
Event: 47.192 GC heap after
Heap after GC invocations=33 (full 5):
 PSYoungGen      total 1940992K, used 108327K [0x0000000740000000, 0x00000007c0000000, 0x00000007c0000000)
  eden space 1800192K, 0% used [0x0000000740000000,0x0000000740000000,0x00000007ade00000)
  from space 140800K, 76% used [0x00000007b7680000,0x00000007be049ec8,0x00000007c0000000)
  to   space 148480K, 0% used [0x00000007ade00000,0x00000007ade00000,0x00000007b6f00000)
 ParOldGen       total 764928K, used 450343K [0x0000000640000000, 0x000000066eb00000, 0x0000000740000000)
  object space 764928K, 58% used [0x0000000640000000,0x000000065b7c9c30,0x000000066eb00000)
 Metaspace       used 142641K, capacity 143383K, committed 144640K, reserved 1169408K
  class space    used 23787K, capacity 23965K, committed 24064K, reserved 1048576K
}

